# JRE version: Java(TM) SE Runtime Environment (19.0.2+7) (build 19.0.2+7-44)
# Java VM: Java HotSpot(TM) 64-Bit Server VM (19.0.2+7-44, mixed mode, sharing, tiered, compressed oops, compressed class ptrs, g1 gc, windows-amd64)
GC Precious Log:
 CardTable entry size: 512
 Card Set container configuration: InlinePtr #cards 4 size 8 Array Of Cards #cards 16 size 48 Howl #buckets 8 coarsen threshold 3686 Howl Bitmap #cards 512 size 80 coarsen threshold 460 Card regions per heap region 1 cards per card region 4096
 CPUs: 12 total, 12 available
 Memory: 12128M
 Large Page Support: Disabled
 NUMA Support: Disabled
 Compressed Oops: Enabled (Zero based)
 Heap Region Size: 2M
 Heap Min Capacity: 8M
 Heap Initial Capacity: 190M
 Heap Max Capacity: 3034M
 Pre-touch: Disabled
 Parallel Workers: 10
 Concurrent Workers: 3
 Concurrent Refinement Workers: 10
 Periodic GC: Disabled
Heap:
 garbage-first heap   total 69632K, used 45389K [0x0000000742600000, 0x0000000800000000)
  region size 2048K, 15 young (30720K), 2 survivors (4096K)
 Metaspace       used 48464K, committed 49024K, reserved 1114112K
  class space    used 5949K, committed 6208K, reserved 1048576K
GC Heap History (20 events):
Event: 3.865 GC heap before
{Heap before GC invocations=5 (full 0):
 garbage-first heap   total 49152K, used 15134K [0x0000000742600000, 0x0000000800000000)
  region size 2048K, 3 young (6144K), 2 survivors (4096K)
 Metaspace       used 26064K, committed 26624K, reserved 1114112K
  class space    used 3193K, committed 3456K, reserved 1048576K
}
Event: 3.868 GC heap after
{Heap after GC invocations=6 (full 0):
 garbage-first heap   total 49152K, used 13683K [0x0000000742600000, 0x0000000800000000)
  region size 2048K, 1 young (2048K), 1 survivors (2048K)
 Metaspace       used 26064K, committed 26624K, reserved 1114112K
  class space    used 3193K, committed 3456K, reserved 1048576K
}
Event: 4.815 GC heap before
{Heap before GC invocations=6 (full 0):
 garbage-first heap   total 49152K, used 28019K [0x0000000742600000, 0x0000000800000000)
  region size 2048K, 9 young (18432K), 1 survivors (2048K)
 Metaspace       used 30153K, committed 30720K, reserved 1114112K
  class space    used 3712K, committed 3968K, reserved 1048576K
}
Event: 4.818 GC heap after
{Heap after GC invocations=7 (full 0):
 garbage-first heap   total 49152K, used 14578K [0x0000000742600000, 0x0000000800000000)
  region size 2048K, 1 young (2048K), 1 survivors (2048K)
 Metaspace       used 30153K, committed 30720K, reserved 1114112K
  class space    used 3712K, committed 3968K, reserved 1048576K
}
Event: 5.403 GC heap before
{Heap before GC invocations=7 (full 0):
 garbage-first heap   total 49152K, used 30962K [0x0000000742600000, 0x0000000800000000)
  region size 2048K, 10 young (20480K), 1 survivors (2048K)
 Metaspace       used 35294K, committed 35840K, reserved 1114112K
  class space    used 4383K, committed 4608K, reserved 1048576K
}
Event: 5.408 GC heap after
{Heap after GC invocations=8 (full 0):
 garbage-first heap   total 49152K, used 16847K [0x0000000742600000, 0x0000000800000000)
  region size 2048K, 2 young (4096K), 2 survivors (4096K)
 Metaspace       used 35294K, committed 35840K, reserved 1114112K
  class space    used 4383K, committed 4608K, reserved 1048576K
}
Event: 5.428 GC heap before
{Heap before GC invocations=8 (full 0):
 garbage-first heap   total 49152K, used 16847K [0x0000000742600000, 0x0000000800000000)
  region size 2048K, 3 young (6144K), 2 survivors (4096K)
 Metaspace       used 35494K, committed 35968K, reserved 1114112K
  class space    used 4403K, committed 4608K, reserved 1048576K
}
Event: 5.433 GC heap after
{Heap after GC invocations=9 (full 0):
 garbage-first heap   total 49152K, used 17201K [0x0000000742600000, 0x0000000800000000)
  region size 2048K, 1 young (2048K), 1 survivors (2048K)
 Metaspace       used 35494K, committed 35968K, reserved 1114112K
  class space    used 4403K, committed 4608K, reserved 1048576K
}
Event: 6.005 GC heap before
{Heap before GC invocations=10 (full 0):
 garbage-first heap   total 49152K, used 31537K [0x0000000742600000, 0x0000000800000000)
  region size 2048K, 9 young (18432K), 1 survivors (2048K)
 Metaspace       used 39574K, committed 40128K, reserved 1114112K
  class space    used 4949K, committed 5184K, reserved 1048576K
}
Event: 6.009 GC heap after
{Heap after GC invocations=11 (full 0):
 garbage-first heap   total 49152K, used 18974K [0x0000000742600000, 0x0000000800000000)
  region size 2048K, 2 young (4096K), 2 survivors (4096K)
 Metaspace       used 39574K, committed 40128K, reserved 1114112K
  class space    used 4949K, committed 5184K, reserved 1048576K
}
Event: 6.061 GC heap before
{Heap before GC invocations=11 (full 0):
 garbage-first heap   total 49152K, used 21022K [0x0000000742600000, 0x0000000800000000)
  region size 2048K, 3 young (6144K), 2 survivors (4096K)
 Metaspace       used 39939K, committed 40576K, reserved 1114112K
  class space    used 5004K, committed 5312K, reserved 1048576K
}
Event: 6.066 GC heap after
{Heap after GC invocations=12 (full 0):
 garbage-first heap   total 49152K, used 18660K [0x0000000742600000, 0x0000000800000000)
  region size 2048K, 1 young (2048K), 1 survivors (2048K)
 Metaspace       used 39939K, committed 40576K, reserved 1114112K
  class space    used 5004K, committed 5312K, reserved 1048576K
}
Event: 36.261 GC heap before
{Heap before GC invocations=12 (full 0):
 garbage-first heap   total 49152K, used 35044K [0x0000000742600000, 0x0000000800000000)
  region size 2048K, 9 young (18432K), 1 survivors (2048K)
 Metaspace       used 42649K, committed 43264K, reserved 1114112K
  class space    used 5358K, committed 5632K, reserved 1048576K
}
Event: 36.266 GC heap after
{Heap after GC invocations=13 (full 0):
 garbage-first heap   total 73728K, used 20048K [0x0000000742600000, 0x0000000800000000)
  region size 2048K, 1 young (2048K), 1 survivors (2048K)
 Metaspace       used 42649K, committed 43264K, reserved 1114112K
  class space    used 5358K, committed 5632K, reserved 1048576K
}
Event: 499.368 GC heap before
{Heap before GC invocations=13 (full 0):
 garbage-first heap   total 73728K, used 50768K [0x0000000742600000, 0x0000000800000000)
  region size 2048K, 17 young (34816K), 1 survivors (2048K)
 Metaspace       used 47057K, committed 47680K, reserved 1114112K
  class space    used 5853K, committed 6144K, reserved 1048576K
}
Event: 499.371 GC heap after
{Heap after GC invocations=14 (full 0):
 garbage-first heap   total 73728K, used 21378K [0x0000000742600000, 0x0000000800000000)
  region size 2048K, 2 young (4096K), 2 survivors (4096K)
 Metaspace       used 47057K, committed 47680K, reserved 1114112K
  class space    used 5853K, committed 6144K, reserved 1048576K
}
Event: 881.705 GC heap before
{Heap before GC invocations=14 (full 0):
 garbage-first heap   total 73728K, used 35714K [0x0000000742600000, 0x0000000800000000)
  region size 2048K, 10 young (20480K), 2 survivors (4096K)
 Metaspace       used 47483K, committed 48128K, reserved 1114112K
  class space    used 5887K, committed 6144K, reserved 1048576K
}
Event: 881.757 GC heap after
{Heap after GC invocations=15 (full 1):
 garbage-first heap   total 69632K, used 18683K [0x0000000742600000, 0x0000000800000000)
  region size 2048K, 0 young (0K), 0 survivors (0K)
 Metaspace       used 47474K, committed 48128K, reserved 1114112K
  class space    used 5884K, committed 6144K, reserved 1048576K
}
Event: 884.083 GC heap before
{Heap before GC invocations=15 (full 1):
 garbage-first heap   total 69632K, used 47355K [0x0000000742600000, 0x0000000800000000)
  region size 2048K, 15 young (30720K), 0 survivors (0K)
 Metaspace       used 47990K, committed 48640K, reserved 1114112K
  class space    used 5926K, committed 6208K, reserved 1048576K
}
Event: 884.085 GC heap after
{Heap after GC invocations=16 (full 1):
 garbage-first heap   total 69632K, used 20813K [0x0000000742600000, 0x0000000800000000)
  region size 2048K, 2 young (4096K), 2 survivors (4096K)
 Metaspace       used 47990K, committed 48640K, reserved 1114112K
  class space    used 5926K, committed 6208K, reserved 1048576K
}

